# JRE version: OpenJDK Runtime Environment (17.0.6) (build 17.0.6+0-b2043.56-10027231)
# Java VM: OpenJDK 64-Bit Server VM (17.0.6+0-b2043.56-10027231, mixed mode, tiered, compressed oops, compressed class ptrs, g1 gc, windows-amd64)
GC Precious Log:
 CPUs: 8 total, 8 available
 Memory: 7932M
 Large Page Support: Disabled
 NUMA Support: Disabled
 Compressed Oops: Enabled (32-bit)
 Heap Region Size: 1M
 Heap Min Capacity: 8M
 Heap Initial Capacity: 124M
 Heap Max Capacity: 2G
 Pre-touch: Disabled
 Parallel Workers: 8
 Concurrent Workers: 2
 Concurrent Refinement Workers: 8
 Periodic GC: Disabled
Heap:
 garbage-first heap   total 101376K, used 70489K [0x0000000080000000, 0x0000000100000000)
  region size 1024K, 13 young (13312K), 1 survivors (1024K)
 Metaspace       used 74408K, committed 75008K, reserved 1114112K
  class space    used 10268K, committed 10560K, reserved 1048576K
GC Heap History (20 events):
Event: 9.993 GC heap before
{Heap before GC invocations=11 (full 0):
 garbage-first heap   total 86016K, used 64772K [0x0000000080000000, 0x0000000100000000)
  region size 1024K, 36 young (36864K), 4 survivors (4096K)
 Metaspace       used 50208K, committed 50688K, reserved 1097728K
  class space    used 6714K, committed 6912K, reserved 1048576K
}
Event: 10.008 GC heap after
{Heap after GC invocations=12 (full 0):
 garbage-first heap   total 86016K, used 33647K [0x0000000080000000, 0x0000000100000000)
  region size 1024K, 4 young (4096K), 4 survivors (4096K)
 Metaspace       used 50208K, committed 50688K, reserved 1097728K
  class space    used 6714K, committed 6912K, reserved 1048576K
}
Event: 12.057 GC heap before
{Heap before GC invocations=12 (full 0):
 garbage-first heap   total 86016K, used 65391K [0x0000000080000000, 0x0000000100000000)
  region size 1024K, 35 young (35840K), 4 survivors (4096K)
 Metaspace       used 54863K, committed 55424K, reserved 1097728K
  class space    used 7284K, committed 7552K, reserved 1048576K
}
Event: 12.067 GC heap after
{Heap after GC invocations=13 (full 0):
 garbage-first heap   total 86016K, used 36976K [0x0000000080000000, 0x0000000100000000)
  region size 1024K, 5 young (5120K), 5 survivors (5120K)
 Metaspace       used 54863K, committed 55424K, reserved 1097728K
  class space    used 7284K, committed 7552K, reserved 1048576K
}
Event: 17.264 GC heap before
{Heap before GC invocations=13 (full 0):
 garbage-first heap   total 86016K, used 53360K [0x0000000080000000, 0x0000000100000000)
  region size 1024K, 22 young (22528K), 5 survivors (5120K)
 Metaspace       used 59678K, committed 60160K, reserved 1105920K
  class space    used 7925K, committed 8128K, reserved 1048576K
}
Event: 17.292 GC heap after
{Heap after GC invocations=14 (full 0):
 garbage-first heap   total 86016K, used 39342K [0x0000000080000000, 0x0000000100000000)
  region size 1024K, 3 young (3072K), 3 survivors (3072K)
 Metaspace       used 59678K, committed 60160K, reserved 1105920K
  class space    used 7925K, committed 8128K, reserved 1048576K
}
Event: 18.968 GC heap before
{Heap before GC invocations=15 (full 0):
 garbage-first heap   total 86016K, used 64942K [0x0000000080000000, 0x0000000100000000)
  region size 1024K, 29 young (29696K), 3 survivors (3072K)
 Metaspace       used 60625K, committed 61120K, reserved 1105920K
  class space    used 8050K, committed 8320K, reserved 1048576K
}
Event: 18.977 GC heap after
{Heap after GC invocations=16 (full 0):
 garbage-first heap   total 86016K, used 41208K [0x0000000080000000, 0x0000000100000000)
  region size 1024K, 4 young (4096K), 4 survivors (4096K)
 Metaspace       used 60625K, committed 61120K, reserved 1105920K
  class space    used 8050K, committed 8320K, reserved 1048576K
}
Event: 19.878 GC heap before
{Heap before GC invocations=16 (full 0):
 garbage-first heap   total 86016K, used 57592K [0x0000000080000000, 0x0000000100000000)
  region size 1024K, 22 young (22528K), 4 survivors (4096K)
 Metaspace       used 64802K, committed 65408K, reserved 1105920K
  class space    used 9047K, committed 9344K, reserved 1048576K
}
Event: 19.888 GC heap after
{Heap after GC invocations=17 (full 0):
 garbage-first heap   total 86016K, used 42296K [0x0000000080000000, 0x0000000100000000)
  region size 1024K, 2 young (2048K), 2 survivors (2048K)
 Metaspace       used 64802K, committed 65408K, reserved 1105920K
  class space    used 9047K, committed 9344K, reserved 1048576K
}
Event: 20.815 GC heap before
{Heap before GC invocations=18 (full 0):
 garbage-first heap   total 86016K, used 76088K [0x0000000080000000, 0x0000000100000000)
  region size 1024K, 26 young (26624K), 2 survivors (2048K)
 Metaspace       used 66915K, committed 67520K, reserved 1114112K
  class space    used 9344K, committed 9600K, reserved 1048576K
}
Event: 20.819 GC heap after
{Heap after GC invocations=19 (full 0):
 garbage-first heap   total 87040K, used 58342K [0x0000000080000000, 0x0000000100000000)
  region size 1024K, 4 young (4096K), 4 survivors (4096K)
 Metaspace       used 66915K, committed 67520K, reserved 1114112K
  class space    used 9344K, committed 9600K, reserved 1048576K
}
Event: 20.864 GC heap before
{Heap before GC invocations=19 (full 0):
 garbage-first heap   total 87040K, used 59366K [0x0000000080000000, 0x0000000100000000)
  region size 1024K, 5 young (5120K), 4 survivors (4096K)
 Metaspace       used 67053K, committed 67712K, reserved 1114112K
  class space    used 9366K, committed 9664K, reserved 1048576K
}
Event: 20.867 GC heap after
{Heap after GC invocations=20 (full 0):
 garbage-first heap   total 87040K, used 58404K [0x0000000080000000, 0x0000000100000000)
  region size 1024K, 1 young (1024K), 1 survivors (1024K)
 Metaspace       used 67053K, committed 67712K, reserved 1114112K
  class space    used 9366K, committed 9664K, reserved 1048576K
}
Event: 21.497 GC heap before
{Heap before GC invocations=20 (full 0):
 garbage-first heap   total 87040K, used 72740K [0x0000000080000000, 0x0000000100000000)
  region size 1024K, 15 young (15360K), 1 survivors (1024K)
 Metaspace       used 69338K, committed 69888K, reserved 1114112K
  class space    used 9628K, committed 9920K, reserved 1048576K
}
Event: 21.501 GC heap after
{Heap after GC invocations=21 (full 0):
 garbage-first heap   total 87040K, used 58815K [0x0000000080000000, 0x0000000100000000)
  region size 1024K, 1 young (1024K), 1 survivors (1024K)
 Metaspace       used 69338K, committed 69888K, reserved 1114112K
  class space    used 9628K, committed 9920K, reserved 1048576K
}
Event: 22.027 GC heap before
{Heap before GC invocations=22 (full 0):
 garbage-first heap   total 101376K, used 72127K [0x0000000080000000, 0x0000000100000000)
  region size 1024K, 15 young (15360K), 1 survivors (1024K)
 Metaspace       used 71760K, committed 72320K, reserved 1114112K
  class space    used 9894K, committed 10112K, reserved 1048576K
}
Event: 22.030 GC heap after
{Heap after GC invocations=23 (full 0):
 garbage-first heap   total 101376K, used 59502K [0x0000000080000000, 0x0000000100000000)
  region size 1024K, 2 young (2048K), 2 survivors (2048K)
 Metaspace       used 71760K, committed 72320K, reserved 1114112K
  class space    used 9894K, committed 10112K, reserved 1048576K
}
Event: 22.145 GC heap before
{Heap before GC invocations=23 (full 0):
 garbage-first heap   total 101376K, used 60526K [0x0000000080000000, 0x0000000100000000)
  region size 1024K, 4 young (4096K), 2 survivors (2048K)
 Metaspace       used 72013K, committed 72576K, reserved 1114112K
  class space    used 9926K, committed 10176K, reserved 1048576K
}
Event: 22.149 GC heap after
{Heap after GC invocations=24 (full 0):
 garbage-first heap   total 101376K, used 59225K [0x0000000080000000, 0x0000000100000000)
  region size 1024K, 1 young (1024K), 1 survivors (1024K)
 Metaspace       used 72013K, committed 72576K, reserved 1114112K
  class space    used 9926K, committed 10176K, reserved 1048576K
}

